<?xml version="1.0" encoding="UTF-8"?>
<!-- Generated by org.testng.reporters.JUnitReportReporter -->
<testsuite skipped="0" hostname="LAPTOP-F3AQ14PA" name="test.TestClass" tests="1" failures="0" timestamp="2020-07-27T21:40:30 EDT" time="9.138" errors="0">
  <testcase name="testing" time="9.138" classname="test.TestClass"/>
  <system-out/>
</testsuite> <!-- test.TestClass -->
